<?xml version="1.0" encoding="UTF-8"?>
<!-- Generated by org.testng.reporters.JUnitReportReporter -->
<testsuite hostname="DESKTOP-GDPLSQ8" failures="0" tests="1" name="contactsTests.CreateContactWithLeadSourceTest" time="23.562" errors="0" timestamp="2024-01-11T14:45:51 CET" skipped="0">
  <testcase classname="contactsTests.CreateContactWithLeadSourceTest" name="createContactWithLead" time="23.562"/>
  <system-out/>
</testsuite> <!-- contactsTests.CreateContactWithLeadSourceTest -->
