<?xml version="1.0" encoding="UTF-8"?>
<!-- Generated by org.testng.reporters.JUnitReportReporter -->
<testsuite hostname="DESKTOP-GDPLSQ8" failures="0" tests="1" name="contactsTests.CreateContactTest" time="23.001" errors="0" timestamp="2024-01-11T14:45:08 CET" skipped="0">
  <testcase classname="contactsTests.CreateContactTest" name="createContactWithMandatoryFields" time="23.001"/>
  <system-out/>
</testsuite> <!-- contactsTests.CreateContactTest -->
